<?xml version="1.0" encoding="UTF-8" standalone="no"?>
<!DOCTYPE log SYSTEM "logger.dtd">
<log>
<record>
  <date>2020-12-12T22:03:44.151457500Z</date>
  <millis>1607810624151</millis>
  <nanos>457500</nanos>
  <sequence>0</sequence>
  <logger>com.coen445.FinalProject</logger>
  <level>INFO</level>
  <class>com.coen445.FinalProject.LogHelper</class>
  <method>writeInfo</method>
  <thread>13</thread>
  <message>com.coen445.FinalProject.RQ@3c8f986f</message>
</record>
<record>
  <date>2020-12-12T22:05:34.118202700Z</date>
  <millis>1607810734118</millis>
  <nanos>202700</nanos>
  <sequence>1</sequence>
  <logger>com.coen445.FinalProject</logger>
  <level>INFO</level>
  <class>com.coen445.FinalProject.LogHelper</class>
  <method>writeInfo</method>
  <thread>13</thread>
  <message>com.coen445.FinalProject.RQ@17d8a62f</message>
</record>
<?xml version="1.0" encoding="UTF-8" standalone="no"?>
<!DOCTYPE log SYSTEM "logger.dtd">
<log>
<record>
  <date>2020-12-12T23:49:27.358265300Z</date>
  <millis>1607816967358</millis>
  <nanos>265300</nanos>
  <sequence>0</sequence>
  <logger>com.coen445.FinalProject</logger>
  <level>INFO</level>
  <class>com.coen445.FinalProject.LogHelper</class>
  <method>writeInfo</method>
  <thread>13</thread>
  <message>com.coen445.FinalProject.RQ@6b267681</message>
</record>
<?xml version="1.0" encoding="UTF-8" standalone="no"?>
<!DOCTYPE log SYSTEM "logger.dtd">
<log>
<record>
  <date>2020-12-13T00:08:29.029427200Z</date>
  <millis>1607818109029</millis>
  <nanos>427200</nanos>
  <sequence>0</sequence>
  <logger>com.coen445.FinalProject</logger>
  <level>INFO</level>
  <class>com.coen445.FinalProject.LogHelper</class>
  <method>writeInfo</method>
  <thread>15</thread>
  <message>com.coen445.FinalProject.RQ@518bc209</message>
</record>
</log>
<?xml version="1.0" encoding="UTF-8" standalone="no"?>
<!DOCTYPE log SYSTEM "logger.dtd">
<log>
<record>
  <date>2020-12-13T00:10:29.922973300Z</date>
  <millis>1607818229922</millis>
  <nanos>973300</nanos>
  <sequence>0</sequence>
  <logger>com.coen445.FinalProject</logger>
  <level>INFO</level>
  <class>com.coen445.FinalProject.LogHelper</class>
  <method>writeInfo</method>
  <thread>13</thread>
  <message>com.coen445.FinalProject.RQ@3325ddea</message>
</record>
<record>
  <date>2020-12-13T00:10:44.524029600Z</date>
  <millis>1607818244524</millis>
  <nanos>29600</nanos>
  <sequence>1</sequence>
  <logger>com.coen445.FinalProject</logger>
  <level>INFO</level>
  <class>com.coen445.FinalProject.LogHelper</class>
  <method>writeInfo</method>
  <thread>13</thread>
  <message>com.coen445.FinalProject.RQ@740f4d9c</message>
</record>
<record>
  <date>2020-12-13T00:10:44.567947200Z</date>
  <millis>1607818244567</millis>
  <nanos>947200</nanos>
  <sequence>2</sequence>
  <logger>com.coen445.FinalProject</logger>
  <level>INFO</level>
  <class>com.coen445.FinalProject.LogHelper</class>
  <method>writeInfo</method>
  <thread>13</thread>
  <message>com.coen445.FinalProject.RQ@5bb6d24d</message>
</record>
<record>
  <date>2020-12-13T00:10:44.568944200Z</date>
  <millis>1607818244568</millis>
  <nanos>944200</nanos>
  <sequence>3</sequence>
  <logger>com.coen445.FinalProject</logger>
  <level>INFO</level>
  <class>com.coen445.FinalProject.LogHelper</class>
  <method>writeInfo</method>
  <thread>13</thread>
  <message>REGISTERED from other server</message>
</record>
<record>
  <date>2020-12-13T00:13:15.219889100Z</date>
  <millis>1607818395219</millis>
  <nanos>889100</nanos>
  <sequence>4</sequence>
  <logger>com.coen445.FinalProject</logger>
  <level>INFO</level>
  <class>com.coen445.FinalProject.LogHelper</class>
  <method>writeInfo</method>
  <thread>13</thread>
  <message>com.coen445.FinalProject.RQ@ddb409d</message>
</record>
<record>
  <date>2020-12-13T00:13:44.057685200Z</date>
  <millis>1607818424057</millis>
  <nanos>685200</nanos>
  <sequence>5</sequence>
  <logger>com.coen445.FinalProject</logger>
  <level>INFO</level>
  <class>com.coen445.FinalProject.LogHelper</class>
  <method>writeInfo</method>
  <thread>13</thread>
  <message>com.coen445.FinalProject.RQ@5d334778</message>
</record>
<record>
  <date>2020-12-13T00:14:20.499699100Z</date>
  <millis>1607818460499</millis>
  <nanos>699100</nanos>
  <sequence>6</sequence>
  <logger>com.coen445.FinalProject</logger>
  <level>INFO</level>
  <class>com.coen445.FinalProject.LogHelper</class>
  <method>writeInfo</method>
  <thread>13</thread>
  <message>com.coen445.FinalProject.RQ@221fe8ab</message>
</record>
<record>
  <date>2020-12-13T00:14:20.500695900Z</date>
  <millis>1607818460500</millis>
  <nanos>695900</nanos>
  <sequence>7</sequence>
  <logger>com.coen445.FinalProject</logger>
  <level>INFO</level>
  <class>com.coen445.FinalProject.LogHelper</class>
  <method>writeInfo</method>
  <thread>13</thread>
  <message>Registering new user john 10.0.0.96 56748</message>
</record>
<record>
  <date>2020-12-13T00:14:20.513660200Z</date>
  <millis>1607818460513</millis>
  <nanos>660200</nanos>
  <sequence>8</sequence>
  <logger>com.coen445.FinalProject</logger>
  <level>WARNING</level>
  <class>com.coen445.FinalProject.LogHelper</class>
  <method>writeWarning</method>
  <thread>13</thread>
  <message>The user already exists</message>
</record>
<record>
  <date>2020-12-13T00:14:20.514656800Z</date>
  <millis>1607818460514</millis>
  <nanos>656800</nanos>
  <sequence>9</sequence>
  <logger>com.coen445.FinalProject</logger>
  <level>INFO</level>
  <class>com.coen445.FinalProject.LogHelper</class>
  <method>writeInfo</method>
  <thread>13</thread>
  <message>Informing server that john already exists.</message>
</record>
<record>
  <date>2020-12-13T00:14:39.483535600Z</date>
  <millis>1607818479483</millis>
  <nanos>535600</nanos>
  <sequence>10</sequence>
  <logger>com.coen445.FinalProject</logger>
  <level>INFO</level>
  <class>com.coen445.FinalProject.LogHelper</class>
  <method>writeInfo</method>
  <thread>13</thread>
  <message>com.coen445.FinalProject.RQ@3b1025d</message>
</record>
<record>
  <date>2020-12-13T00:14:39.484532800Z</date>
  <millis>1607818479484</millis>
  <nanos>532800</nanos>
  <sequence>11</sequence>
  <logger>com.coen445.FinalProject</logger>
  <level>INFO</level>
  <class>com.coen445.FinalProject.LogHelper</class>
  <method>writeInfo</method>
  <thread>13</thread>
  <message>Registering new user brad 10.0.0.96 56748</message>
</record>
<record>
  <date>2020-12-13T00:14:39.489555100Z</date>
  <millis>1607818479489</millis>
  <nanos>555100</nanos>
  <sequence>12</sequence>
  <logger>com.coen445.FinalProject</logger>
  <level>INFO</level>
  <class>com.coen445.FinalProject.LogHelper</class>
  <method>writeInfo</method>
  <thread>13</thread>
  <message>Added user: brad to database.</message>
</record>
<record>
  <date>2020-12-13T00:14:39.490535600Z</date>
  <millis>1607818479490</millis>
  <nanos>535600</nanos>
  <sequence>13</sequence>
  <logger>com.coen445.FinalProject</logger>
  <level>INFO</level>
  <class>com.coen445.FinalProject.LogHelper</class>
  <method>writeInfo</method>
  <thread>13</thread>
  <message>Informing server that brad is registered.</message>
</record>
<record>
  <date>2020-12-13T00:14:52.618379400Z</date>
  <millis>1607818492618</millis>
  <nanos>379400</nanos>
  <sequence>14</sequence>
  <logger>com.coen445.FinalProject</logger>
  <level>INFO</level>
  <class>com.coen445.FinalProject.LogHelper</class>
  <method>writeInfo</method>
  <thread>13</thread>
  <message>com.coen445.FinalProject.RQ@23ace282</message>
</record>
<record>
  <date>2020-12-13T00:14:58.787253300Z</date>
  <millis>1607818498787</millis>
  <nanos>253300</nanos>
  <sequence>15</sequence>
  <logger>com.coen445.FinalProject</logger>
  <level>INFO</level>
  <class>com.coen445.FinalProject.LogHelper</class>
  <method>writeInfo</method>
  <thread>13</thread>
  <message>com.coen445.FinalProject.RQ@6463cc75</message>
</record>
<?xml version="1.0" encoding="UTF-8" standalone="no"?>
<!DOCTYPE log SYSTEM "logger.dtd">
<log>
<record>
  <date>2020-12-13T02:28:26.994621200Z</date>
  <millis>1607826506994</millis>
  <nanos>621200</nanos>
  <sequence>0</sequence>
  <logger>com.coen445.FinalProject</logger>
  <level>INFO</level>
  <class>com.coen445.FinalProject.LogHelper</class>
  <method>writeInfo</method>
  <thread>14</thread>
  <message>com.coen445.FinalProject.RQ@25880dd3</message>
</record>
<record>
  <date>2020-12-13T02:28:27.910620500Z</date>
  <millis>1607826507910</millis>
  <nanos>620500</nanos>
  <sequence>1</sequence>
  <logger>com.coen445.FinalProject</logger>
  <level>INFO</level>
  <class>com.coen445.FinalProject.LogHelper</class>
  <method>writeInfo</method>
  <thread>14</thread>
  <message>com.coen445.FinalProject.RQ@1b166703</message>
</record>
<record>
  <date>2020-12-13T02:28:28.919578100Z</date>
  <millis>1607826508919</millis>
  <nanos>578100</nanos>
  <sequence>2</sequence>
  <logger>com.coen445.FinalProject</logger>
  <level>INFO</level>
  <class>com.coen445.FinalProject.LogHelper</class>
  <method>writeInfo</method>
  <thread>14</thread>
  <message>com.coen445.FinalProject.RQ@71c7155d</message>
</record>
<record>
  <date>2020-12-13T02:28:29.927046200Z</date>
  <millis>1607826509927</millis>
  <nanos>46200</nanos>
  <sequence>3</sequence>
  <logger>com.coen445.FinalProject</logger>
  <level>INFO</level>
  <class>com.coen445.FinalProject.LogHelper</class>
  <method>writeInfo</method>
  <thread>14</thread>
  <message>com.coen445.FinalProject.RQ@1e769cb7</message>
</record>
<record>
  <date>2020-12-13T02:28:30.941852500Z</date>
  <millis>1607826510941</millis>
  <nanos>852500</nanos>
  <sequence>4</sequence>
  <logger>com.coen445.FinalProject</logger>
  <level>INFO</level>
  <class>com.coen445.FinalProject.LogHelper</class>
  <method>writeInfo</method>
  <thread>14</thread>
  <message>com.coen445.FinalProject.RQ@2d372472</message>
</record>
<record>
  <date>2020-12-13T02:28:31.947309600Z</date>
  <millis>1607826511947</millis>
  <nanos>309600</nanos>
  <sequence>5</sequence>
  <logger>com.coen445.FinalProject</logger>
  <level>INFO</level>
  <class>com.coen445.FinalProject.LogHelper</class>
  <method>writeInfo</method>
  <thread>14</thread>
  <message>com.coen445.FinalProject.RQ@5b160a8</message>
</record>
<record>
  <date>2020-12-13T02:28:32.958300400Z</date>
  <millis>1607826512958</millis>
  <nanos>300400</nanos>
  <sequence>6</sequence>
  <logger>com.coen445.FinalProject</logger>
  <level>INFO</level>
  <class>com.coen445.FinalProject.LogHelper</class>
  <method>writeInfo</method>
  <thread>14</thread>
  <message>com.coen445.FinalProject.RQ@4c15f0be</message>
</record>
<record>
  <date>2020-12-13T02:28:33.967498900Z</date>
  <millis>1607826513967</millis>
  <nanos>498900</nanos>
  <sequence>7</sequence>
  <logger>com.coen445.FinalProject</logger>
  <level>INFO</level>
  <class>com.coen445.FinalProject.LogHelper</class>
  <method>writeInfo</method>
  <thread>14</thread>
  <message>com.coen445.FinalProject.RQ@1bb88b28</message>
</record>
<record>
  <date>2020-12-13T02:28:34.977429200Z</date>
  <millis>1607826514977</millis>
  <nanos>429200</nanos>
  <sequence>8</sequence>
  <logger>com.coen445.FinalProject</logger>
  <level>INFO</level>
  <class>com.coen445.FinalProject.LogHelper</class>
  <method>writeInfo</method>
  <thread>14</thread>
  <message>com.coen445.FinalProject.RQ@e9423e1</message>
</record>
<record>
  <date>2020-12-13T02:28:35.989645900Z</date>
  <millis>1607826515989</millis>
  <nanos>645900</nanos>
  <sequence>9</sequence>
  <logger>com.coen445.FinalProject</logger>
  <level>INFO</level>
  <class>com.coen445.FinalProject.LogHelper</class>
  <method>writeInfo</method>
  <thread>14</thread>
  <message>com.coen445.FinalProject.RQ@418e9732</message>
</record>
<record>
  <date>2020-12-13T02:28:37.000239100Z</date>
  <millis>1607826517000</millis>
  <nanos>239100</nanos>
  <sequence>10</sequence>
  <logger>com.coen445.FinalProject</logger>
  <level>INFO</level>
  <class>com.coen445.FinalProject.LogHelper</class>
  <method>writeInfo</method>
  <thread>14</thread>
  <message>com.coen445.FinalProject.RQ@7161cfd1</message>
</record>
<record>
  <date>2020-12-13T02:28:38.013210500Z</date>
  <millis>1607826518013</millis>
  <nanos>210500</nanos>
  <sequence>11</sequence>
  <logger>com.coen445.FinalProject</logger>
  <level>INFO</level>
  <class>com.coen445.FinalProject.LogHelper</class>
  <method>writeInfo</method>
  <thread>14</thread>
  <message>com.coen445.FinalProject.RQ@2edffb1e</message>
</record>
<record>
  <date>2020-12-13T02:28:39.020082100Z</date>
  <millis>1607826519020</millis>
  <nanos>82100</nanos>
  <sequence>12</sequence>
  <logger>com.coen445.FinalProject</logger>
  <level>INFO</level>
  <class>com.coen445.FinalProject.LogHelper</class>
  <method>writeInfo</method>
  <thread>14</thread>
  <message>com.coen445.FinalProject.RQ@1fb4e0f</message>
</record>
<record>
  <date>2020-12-13T02:28:40.032103300Z</date>
  <millis>1607826520032</millis>
  <nanos>103300</nanos>
  <sequence>13</sequence>
  <logger>com.coen445.FinalProject</logger>
  <level>INFO</level>
  <class>com.coen445.FinalProject.LogHelper</class>
  <method>writeInfo</method>
  <thread>14</thread>
  <message>com.coen445.FinalProject.RQ@34797e05</message>
</record>
<record>
  <date>2020-12-13T02:28:41.039029700Z</date>
  <millis>1607826521039</millis>
  <nanos>29700</nanos>
  <sequence>14</sequence>
  <logger>com.coen445.FinalProject</logger>
  <level>INFO</level>
  <class>com.coen445.FinalProject.LogHelper</class>
  <method>writeInfo</method>
  <thread>14</thread>
  <message>com.coen445.FinalProject.RQ@4b99301c</message>
</record>
<record>
  <date>2020-12-13T02:28:42.051019300Z</date>
  <millis>1607826522051</millis>
  <nanos>19300</nanos>
  <sequence>15</sequence>
  <logger>com.coen445.FinalProject</logger>
  <level>INFO</level>
  <class>com.coen445.FinalProject.LogHelper</class>
  <method>writeInfo</method>
  <thread>14</thread>
  <message>com.coen445.FinalProject.RQ@189aa385</message>
</record>
<record>
  <date>2020-12-13T02:28:43.052880800Z</date>
  <millis>1607826523052</millis>
  <nanos>880800</nanos>
  <sequence>16</sequence>
  <logger>com.coen445.FinalProject</logger>
  <level>INFO</level>
  <class>com.coen445.FinalProject.LogHelper</class>
  <method>writeInfo</method>
  <thread>14</thread>
  <message>com.coen445.FinalProject.RQ@75924151</message>
</record>
<record>
  <date>2020-12-13T02:28:44.054384300Z</date>
  <millis>1607826524054</millis>
  <nanos>384300</nanos>
  <sequence>17</sequence>
  <logger>com.coen445.FinalProject</logger>
  <level>INFO</level>
  <class>com.coen445.FinalProject.LogHelper</class>
  <method>writeInfo</method>
  <thread>14</thread>
  <message>com.coen445.FinalProject.RQ@5fbfca8d</message>
</record>
<record>
  <date>2020-12-13T02:28:45.060817600Z</date>
  <millis>1607826525060</millis>
  <nanos>817600</nanos>
  <sequence>18</sequence>
  <logger>com.coen445.FinalProject</logger>
  <level>INFO</level>
  <class>com.coen445.FinalProject.LogHelper</class>
  <method>writeInfo</method>
  <thread>14</thread>
  <message>com.coen445.FinalProject.RQ@14c99acb</message>
</record>
<record>
  <date>2020-12-13T02:28:46.070003200Z</date>
  <millis>1607826526070</millis>
  <nanos>3200</nanos>
  <sequence>19</sequence>
  <logger>com.coen445.FinalProject</logger>
  <level>INFO</level>
  <class>com.coen445.FinalProject.LogHelper</class>
  <method>writeInfo</method>
  <thread>14</thread>
  <message>com.coen445.FinalProject.RQ@5902855c</message>
</record>
<record>
  <date>2020-12-13T02:28:47.079205Z</date>
  <millis>1607826527079</millis>
  <nanos>205000</nanos>
  <sequence>20</sequence>
  <logger>com.coen445.FinalProject</logger>
  <level>INFO</level>
  <class>com.coen445.FinalProject.LogHelper</class>
  <method>writeInfo</method>
  <thread>14</thread>
  <message>com.coen445.FinalProject.RQ@3efdcfe4</message>
</record>
<record>
  <date>2020-12-13T02:28:48.089310900Z</date>
  <millis>1607826528089</millis>
  <nanos>310900</nanos>
  <sequence>21</sequence>
  <logger>com.coen445.FinalProject</logger>
  <level>INFO</level>
  <class>com.coen445.FinalProject.LogHelper</class>
  <method>writeInfo</method>
  <thread>14</thread>
  <message>com.coen445.FinalProject.RQ@1fb79114</message>
</record>
<record>
  <date>2020-12-13T02:28:49.097327Z</date>
  <millis>1607826529097</millis>
  <nanos>327000</nanos>
  <sequence>22</sequence>
  <logger>com.coen445.FinalProject</logger>
  <level>INFO</level>
  <class>com.coen445.FinalProject.LogHelper</class>
  <method>writeInfo</method>
  <thread>14</thread>
  <message>com.coen445.FinalProject.RQ@47704feb</message>
</record>
<record>
  <date>2020-12-13T02:28:50.108448100Z</date>
  <millis>1607826530108</millis>
  <nanos>448100</nanos>
  <sequence>23</sequence>
  <logger>com.coen445.FinalProject</logger>
  <level>INFO</level>
  <class>com.coen445.FinalProject.LogHelper</class>
  <method>writeInfo</method>
  <thread>14</thread>
  <message>com.coen445.FinalProject.RQ@a951a3c</message>
</record>
<record>
  <date>2020-12-13T02:28:51.111233200Z</date>
  <millis>1607826531111</millis>
  <nanos>233200</nanos>
  <sequence>24</sequence>
  <logger>com.coen445.FinalProject</logger>
  <level>INFO</level>
  <class>com.coen445.FinalProject.LogHelper</class>
  <method>writeInfo</method>
  <thread>14</thread>
  <message>com.coen445.FinalProject.RQ@5a477665</message>
</record>
<record>
  <date>2020-12-13T02:28:52.112684Z</date>
  <millis>1607826532112</millis>
  <nanos>684000</nanos>
  <sequence>25</sequence>
  <logger>com.coen445.FinalProject</logger>
  <level>INFO</level>
  <class>com.coen445.FinalProject.LogHelper</class>
  <method>writeInfo</method>
  <thread>14</thread>
  <message>com.coen445.FinalProject.RQ@79db7308</message>
</record>
<record>
  <date>2020-12-13T02:28:53.121620400Z</date>
  <millis>1607826533121</millis>
  <nanos>620400</nanos>
  <sequence>26</sequence>
  <logger>com.coen445.FinalProject</logger>
  <level>INFO</level>
  <class>com.coen445.FinalProject.LogHelper</class>
  <method>writeInfo</method>
  <thread>14</thread>
  <message>com.coen445.FinalProject.RQ@3c9174cf</message>
</record>
<record>
  <date>2020-12-13T02:28:54.128468100Z</date>
  <millis>1607826534128</millis>
  <nanos>468100</nanos>
  <sequence>27</sequence>
  <logger>com.coen445.FinalProject</logger>
  <level>INFO</level>
  <class>com.coen445.FinalProject.LogHelper</class>
  <method>writeInfo</method>
  <thread>14</thread>
  <message>com.coen445.FinalProject.RQ@1e77dd9b</message>
</record>
<record>
  <date>2020-12-13T02:28:55.138498Z</date>
  <millis>1607826535138</millis>
  <nanos>498000</nanos>
  <sequence>28</sequence>
  <logger>com.coen445.FinalProject</logger>
  <level>INFO</level>
  <class>com.coen445.FinalProject.LogHelper</class>
  <method>writeInfo</method>
  <thread>14</thread>
  <message>com.coen445.FinalProject.RQ@7fe2746e</message>
</record>
<record>
  <date>2020-12-13T02:28:56.145567900Z</date>
  <millis>1607826536145</millis>
  <nanos>567900</nanos>
  <sequence>29</sequence>
  <logger>com.coen445.FinalProject</logger>
  <level>INFO</level>
  <class>com.coen445.FinalProject.LogHelper</class>
  <method>writeInfo</method>
  <thread>14</thread>
  <message>com.coen445.FinalProject.RQ@5d830ba9</message>
</record>
<record>
  <date>2020-12-13T02:28:57.156621900Z</date>
  <millis>1607826537156</millis>
  <nanos>621900</nanos>
  <sequence>30</sequence>
  <logger>com.coen445.FinalProject</logger>
  <level>INFO</level>
  <class>com.coen445.FinalProject.LogHelper</class>
  <method>writeInfo</method>
  <thread>14</thread>
  <message>com.coen445.FinalProject.RQ@6a833bda</message>
</record>
<record>
  <date>2020-12-13T02:28:58.169564600Z</date>
  <millis>1607826538169</millis>
  <nanos>564600</nanos>
  <sequence>31</sequence>
  <logger>com.coen445.FinalProject</logger>
  <level>INFO</level>
  <class>com.coen445.FinalProject.LogHelper</class>
  <method>writeInfo</method>
  <thread>14</thread>
  <message>com.coen445.FinalProject.RQ@4ab8a814</message>
</record>
<?xml version="1.0" encoding="UTF-8" standalone="no"?>
<!DOCTYPE log SYSTEM "logger.dtd">
<log>
<record>
  <date>2020-12-13T02:49:59.192461100Z</date>
  <millis>1607827799192</millis>
  <nanos>461100</nanos>
  <sequence>0</sequence>
  <logger>com.coen445.FinalProject</logger>
  <level>INFO</level>
  <class>com.coen445.FinalProject.LogHelper</class>
  <method>writeInfo</method>
  <thread>14</thread>
  <message>com.coen445.FinalProject.RQ@48affd84</message>
</record>
<record>
  <date>2020-12-13T02:50:17.215693900Z</date>
  <millis>1607827817215</millis>
  <nanos>693900</nanos>
  <sequence>1</sequence>
  <logger>com.coen445.FinalProject</logger>
  <level>INFO</level>
  <class>com.coen445.FinalProject.LogHelper</class>
  <method>writeInfo</method>
  <thread>14</thread>
  <message>com.coen445.FinalProject.RQ@6f14c2cb</message>
</record>
<record>
  <date>2020-12-13T02:50:17.272542Z</date>
  <millis>1607827817272</millis>
  <nanos>542000</nanos>
  <sequence>2</sequence>
  <logger>com.coen445.FinalProject</logger>
  <level>INFO</level>
  <class>com.coen445.FinalProject.LogHelper</class>
  <method>writeInfo</method>
  <thread>14</thread>
  <message>com.coen445.FinalProject.RQ@649725d7</message>
</record>
<record>
  <date>2020-12-13T02:50:17.273538500Z</date>
  <millis>1607827817273</millis>
  <nanos>538500</nanos>
  <sequence>3</sequence>
  <logger>com.coen445.FinalProject</logger>
  <level>INFO</level>
  <class>com.coen445.FinalProject.LogHelper</class>
  <method>writeInfo</method>
  <thread>14</thread>
  <message>REGISTERED from other server</message>
</record>
<record>
  <date>2020-12-13T02:52:19.172674600Z</date>
  <millis>1607827939172</millis>
  <nanos>674600</nanos>
  <sequence>4</sequence>
  <logger>com.coen445.FinalProject</logger>
  <level>INFO</level>
  <class>com.coen445.FinalProject.LogHelper</class>
  <method>writeInfo</method>
  <thread>14</thread>
  <message>com.coen445.FinalProject.RQ@6a8e229f</message>
</record>
<record>
  <date>2020-12-13T02:53:07.856647200Z</date>
  <millis>1607827987856</millis>
  <nanos>647200</nanos>
  <sequence>5</sequence>
  <logger>com.coen445.FinalProject</logger>
  <level>INFO</level>
  <class>com.coen445.FinalProject.LogHelper</class>
  <method>writeInfo</method>
  <thread>14</thread>
  <message>com.coen445.FinalProject.RQ@1e4f1cb8</message>
</record>
<record>
  <date>2020-12-13T02:53:38.881224Z</date>
  <millis>1607828018881</millis>
  <nanos>224000</nanos>
  <sequence>6</sequence>
  <logger>com.coen445.FinalProject</logger>
  <level>INFO</level>
  <class>com.coen445.FinalProject.LogHelper</class>
  <method>writeInfo</method>
  <thread>14</thread>
  <message>com.coen445.FinalProject.RQ@1dee99a3</message>
</record>
<record>
  <date>2020-12-13T02:54:09.899670200Z</date>
  <millis>1607828049899</millis>
  <nanos>670200</nanos>
  <sequence>7</sequence>
  <logger>com.coen445.FinalProject</logger>
  <level>INFO</level>
  <class>com.coen445.FinalProject.LogHelper</class>
  <method>writeInfo</method>
  <thread>14</thread>
  <message>com.coen445.FinalProject.RQ@4223eec3</message>
</record>
<record>
  <date>2020-12-13T02:54:40.908863900Z</date>
  <millis>1607828080908</millis>
  <nanos>863900</nanos>
  <sequence>8</sequence>
  <logger>com.coen445.FinalProject</logger>
  <level>INFO</level>
  <class>com.coen445.FinalProject.LogHelper</class>
  <method>writeInfo</method>
  <thread>14</thread>
  <message>com.coen445.FinalProject.RQ@5922b6c2</message>
</record>
